<?xml version="1.0" encoding="UTF-8"?>
<testsuite xmlns:xsi="http://www.w3.org/2001/XMLSchema-instance" xsi:noNamespaceSchemaLocation="https://maven.apache.org/surefire/maven-surefire-plugin/xsd/surefire-test-report.xsd" name="com.revature.controller.CharacterControllerTest" time="4.072" tests="24" errors="0" skipped="0" failures="6">
  <properties>
    <property name="java.specification.version" value="17"/>
    <property name="sun.cpu.isalist" value="amd64"/>
    <property name="sun.jnu.encoding" value="Cp1252"/>
    <property name="java.class.path" value="C:\Users\Latios\Revature_Projects\project_2\Project2\project_2\target\test-classes;C:\Users\Latios\Revature_Projects\project_2\Project2\project_2\target\classes;C:\Users\Latios\.m2\repository\org\springframework\boot\spring-boot-starter-data-jpa\2.7.3\spring-boot-starter-data-jpa-2.7.3.jar;C:\Users\Latios\.m2\repository\org\springframework\boot\spring-boot-starter-aop\2.7.3\spring-boot-starter-aop-2.7.3.jar;C:\Users\Latios\.m2\repository\org\springframework\spring-aop\5.3.22\spring-aop-5.3.22.jar;C:\Users\Latios\.m2\repository\org\aspectj\aspectjweaver\1.9.7\aspectjweaver-1.9.7.jar;C:\Users\Latios\.m2\repository\jakarta\transaction\jakarta.transaction-api\1.3.3\jakarta.transaction-api-1.3.3.jar;C:\Users\Latios\.m2\repository\jakarta\persistence\jakarta.persistence-api\2.2.3\jakarta.persistence-api-2.2.3.jar;C:\Users\Latios\.m2\repository\org\hibernate\hibernate-core\5.6.10.Final\hibernate-core-5.6.10.Final.jar;C:\Users\Latios\.m2\repository\org\jboss\logging\jboss-logging\3.4.3.Final\jboss-logging-3.4.3.Final.jar;C:\Users\Latios\.m2\repository\net\bytebuddy\byte-buddy\1.12.13\byte-buddy-1.12.13.jar;C:\Users\Latios\.m2\repository\antlr\antlr\2.7.7\antlr-2.7.7.jar;C:\Users\Latios\.m2\repository\org\jboss\jandex\2.4.2.Final\jandex-2.4.2.Final.jar;C:\Users\Latios\.m2\repository\com\fasterxml\classmate\1.5.1\classmate-1.5.1.jar;C:\Users\Latios\.m2\repository\org\hibernate\common\hibernate-commons-annotations\5.1.2.Final\hibernate-commons-annotations-5.1.2.Final.jar;C:\Users\Latios\.m2\repository\org\glassfish\jaxb\jaxb-runtime\2.3.6\jaxb-runtime-2.3.6.jar;C:\Users\Latios\.m2\repository\org\glassfish\jaxb\txw2\2.3.6\txw2-2.3.6.jar;C:\Users\Latios\.m2\repository\com\sun\istack\istack-commons-runtime\3.0.12\istack-commons-runtime-3.0.12.jar;C:\Users\Latios\.m2\repository\com\sun\activation\jakarta.activation\1.2.2\jakarta.activation-1.2.2.jar;C:\Users\Latios\.m2\repository\org\springframework\data\spring-data-jpa\2.7.2\spring-data-jpa-2.7.2.jar;C:\Users\Latios\.m2\repository\org\springframework\data\spring-data-commons\2.7.2\spring-data-commons-2.7.2.jar;C:\Users\Latios\.m2\repository\org\springframework\spring-orm\5.3.22\spring-orm-5.3.22.jar;C:\Users\Latios\.m2\repository\org\springframework\spring-context\5.3.22\spring-context-5.3.22.jar;C:\Users\Latios\.m2\repository\org\springframework\spring-tx\5.3.22\spring-tx-5.3.22.jar;C:\Users\Latios\.m2\repository\org\springframework\spring-beans\5.3.22\spring-beans-5.3.22.jar;C:\Users\Latios\.m2\repository\org\slf4j\slf4j-api\1.7.36\slf4j-api-1.7.36.jar;C:\Users\Latios\.m2\repository\org\springframework\spring-aspects\5.3.22\spring-aspects-5.3.22.jar;C:\Users\Latios\.m2\repository\org\springframework\boot\spring-boot-starter-data-rest\2.7.3\spring-boot-starter-data-rest-2.7.3.jar;C:\Users\Latios\.m2\repository\org\springframework\data\spring-data-rest-webmvc\3.7.2\spring-data-rest-webmvc-3.7.2.jar;C:\Users\Latios\.m2\repository\org\springframework\data\spring-data-rest-core\3.7.2\spring-data-rest-core-3.7.2.jar;C:\Users\Latios\.m2\repository\org\springframework\hateoas\spring-hateoas\1.5.1\spring-hateoas-1.5.1.jar;C:\Users\Latios\.m2\repository\org\springframework\plugin\spring-plugin-core\2.0.0.RELEASE\spring-plugin-core-2.0.0.RELEASE.jar;C:\Users\Latios\.m2\repository\org\atteo\evo-inflector\1.3\evo-inflector-1.3.jar;C:\Users\Latios\.m2\repository\com\fasterxml\jackson\core\jackson-databind\2.13.3\jackson-databind-2.13.3.jar;C:\Users\Latios\.m2\repository\com\fasterxml\jackson\core\jackson-core\2.13.3\jackson-core-2.13.3.jar;C:\Users\Latios\.m2\repository\com\fasterxml\jackson\core\jackson-annotations\2.13.3\jackson-annotations-2.13.3.jar;C:\Users\Latios\.m2\repository\org\springframework\boot\spring-boot-starter-jdbc\2.7.3\spring-boot-starter-jdbc-2.7.3.jar;C:\Users\Latios\.m2\repository\org\springframework\boot\spring-boot-starter\2.7.3\spring-boot-starter-2.7.3.jar;C:\Users\Latios\.m2\repository\org\springframework\boot\spring-boot\2.7.3\spring-boot-2.7.3.jar;C:\Users\Latios\.m2\repository\org\springframework\boot\spring-boot-autoconfigure\2.7.3\spring-boot-autoconfigure-2.7.3.jar;C:\Users\Latios\.m2\repository\org\springframework\boot\spring-boot-starter-logging\2.7.3\spring-boot-starter-logging-2.7.3.jar;C:\Users\Latios\.m2\repository\ch\qos\logback\logback-classic\1.2.11\logback-classic-1.2.11.jar;C:\Users\Latios\.m2\repository\ch\qos\logback\logback-core\1.2.11\logback-core-1.2.11.jar;C:\Users\Latios\.m2\repository\org\apache\logging\log4j\log4j-to-slf4j\2.17.2\log4j-to-slf4j-2.17.2.jar;C:\Users\Latios\.m2\repository\org\apache\logging\log4j\log4j-api\2.17.2\log4j-api-2.17.2.jar;C:\Users\Latios\.m2\repository\org\slf4j\jul-to-slf4j\1.7.36\jul-to-slf4j-1.7.36.jar;C:\Users\Latios\.m2\repository\org\yaml\snakeyaml\1.30\snakeyaml-1.30.jar;C:\Users\Latios\.m2\repository\com\zaxxer\HikariCP\4.0.3\HikariCP-4.0.3.jar;C:\Users\Latios\.m2\repository\org\springframework\spring-jdbc\5.3.22\spring-jdbc-5.3.22.jar;C:\Users\Latios\.m2\repository\org\springframework\boot\spring-boot-starter-thymeleaf\2.7.3\spring-boot-starter-thymeleaf-2.7.3.jar;C:\Users\Latios\.m2\repository\org\thymeleaf\thymeleaf-spring5\3.0.15.RELEASE\thymeleaf-spring5-3.0.15.RELEASE.jar;C:\Users\Latios\.m2\repository\org\thymeleaf\thymeleaf\3.0.15.RELEASE\thymeleaf-3.0.15.RELEASE.jar;C:\Users\Latios\.m2\repository\org\attoparser\attoparser\2.0.5.RELEASE\attoparser-2.0.5.RELEASE.jar;C:\Users\Latios\.m2\repository\org\unbescape\unbescape\1.1.6.RELEASE\unbescape-1.1.6.RELEASE.jar;C:\Users\Latios\.m2\repository\org\thymeleaf\extras\thymeleaf-extras-java8time\3.0.4.RELEASE\thymeleaf-extras-java8time-3.0.4.RELEASE.jar;C:\Users\Latios\.m2\repository\org\springframework\boot\spring-boot-starter-web\2.7.3\spring-boot-starter-web-2.7.3.jar;C:\Users\Latios\.m2\repository\org\springframework\boot\spring-boot-starter-json\2.7.3\spring-boot-starter-json-2.7.3.jar;C:\Users\Latios\.m2\repository\com\fasterxml\jackson\datatype\jackson-datatype-jdk8\2.13.3\jackson-datatype-jdk8-2.13.3.jar;C:\Users\Latios\.m2\repository\com\fasterxml\jackson\datatype\jackson-datatype-jsr310\2.13.3\jackson-datatype-jsr310-2.13.3.jar;C:\Users\Latios\.m2\repository\com\fasterxml\jackson\module\jackson-module-parameter-names\2.13.3\jackson-module-parameter-names-2.13.3.jar;C:\Users\Latios\.m2\repository\org\springframework\spring-web\5.3.22\spring-web-5.3.22.jar;C:\Users\Latios\.m2\repository\org\springframework\spring-webmvc\5.3.22\spring-webmvc-5.3.22.jar;C:\Users\Latios\.m2\repository\org\springframework\spring-expression\5.3.22\spring-expression-5.3.22.jar;C:\Users\Latios\.m2\repository\org\postgresql\postgresql\42.3.6\postgresql-42.3.6.jar;C:\Users\Latios\.m2\repository\org\checkerframework\checker-qual\3.5.0\checker-qual-3.5.0.jar;C:\Users\Latios\.m2\repository\org\springframework\boot\spring-boot-starter-tomcat\2.7.3\spring-boot-starter-tomcat-2.7.3.jar;C:\Users\Latios\.m2\repository\jakarta\annotation\jakarta.annotation-api\1.3.5\jakarta.annotation-api-1.3.5.jar;C:\Users\Latios\.m2\repository\org\apache\tomcat\embed\tomcat-embed-core\9.0.65\tomcat-embed-core-9.0.65.jar;C:\Users\Latios\.m2\repository\org\apache\tomcat\embed\tomcat-embed-el\9.0.65\tomcat-embed-el-9.0.65.jar;C:\Users\Latios\.m2\repository\org\apache\tomcat\embed\tomcat-embed-websocket\9.0.65\tomcat-embed-websocket-9.0.65.jar;C:\Users\Latios\.m2\repository\org\springframework\boot\spring-boot-starter-test\2.7.3\spring-boot-starter-test-2.7.3.jar;C:\Users\Latios\.m2\repository\org\springframework\boot\spring-boot-test\2.7.3\spring-boot-test-2.7.3.jar;C:\Users\Latios\.m2\repository\org\springframework\boot\spring-boot-test-autoconfigure\2.7.3\spring-boot-test-autoconfigure-2.7.3.jar;C:\Users\Latios\.m2\repository\com\jayway\jsonpath\json-path\2.7.0\json-path-2.7.0.jar;C:\Users\Latios\.m2\repository\net\minidev\json-smart\2.4.8\json-smart-2.4.8.jar;C:\Users\Latios\.m2\repository\net\minidev\accessors-smart\2.4.8\accessors-smart-2.4.8.jar;C:\Users\Latios\.m2\repository\org\ow2\asm\asm\9.1\asm-9.1.jar;C:\Users\Latios\.m2\repository\jakarta\xml\bind\jakarta.xml.bind-api\2.3.3\jakarta.xml.bind-api-2.3.3.jar;C:\Users\Latios\.m2\repository\jakarta\activation\jakarta.activation-api\1.2.2\jakarta.activation-api-1.2.2.jar;C:\Users\Latios\.m2\repository\org\assertj\assertj-core\3.22.0\assertj-core-3.22.0.jar;C:\Users\Latios\.m2\repository\org\hamcrest\hamcrest\2.2\hamcrest-2.2.jar;C:\Users\Latios\.m2\repository\org\junit\jupiter\junit-jupiter\5.8.2\junit-jupiter-5.8.2.jar;C:\Users\Latios\.m2\repository\org\junit\jupiter\junit-jupiter-api\5.8.2\junit-jupiter-api-5.8.2.jar;C:\Users\Latios\.m2\repository\org\opentest4j\opentest4j\1.2.0\opentest4j-1.2.0.jar;C:\Users\Latios\.m2\repository\org\junit\platform\junit-platform-commons\1.8.2\junit-platform-commons-1.8.2.jar;C:\Users\Latios\.m2\repository\org\apiguardian\apiguardian-api\1.1.2\apiguardian-api-1.1.2.jar;C:\Users\Latios\.m2\repository\org\junit\jupiter\junit-jupiter-params\5.8.2\junit-jupiter-params-5.8.2.jar;C:\Users\Latios\.m2\repository\org\junit\jupiter\junit-jupiter-engine\5.8.2\junit-jupiter-engine-5.8.2.jar;C:\Users\Latios\.m2\repository\org\junit\platform\junit-platform-engine\1.8.2\junit-platform-engine-1.8.2.jar;C:\Users\Latios\.m2\repository\org\mockito\mockito-core\4.5.1\mockito-core-4.5.1.jar;C:\Users\Latios\.m2\repository\net\bytebuddy\byte-buddy-agent\1.12.13\byte-buddy-agent-1.12.13.jar;C:\Users\Latios\.m2\repository\org\objenesis\objenesis\3.2\objenesis-3.2.jar;C:\Users\Latios\.m2\repository\org\mockito\mockito-junit-jupiter\4.5.1\mockito-junit-jupiter-4.5.1.jar;C:\Users\Latios\.m2\repository\org\skyscreamer\jsonassert\1.5.1\jsonassert-1.5.1.jar;C:\Users\Latios\.m2\repository\com\vaadin\external\google\android-json\0.0.20131108.vaadin1\android-json-0.0.20131108.vaadin1.jar;C:\Users\Latios\.m2\repository\org\springframework\spring-core\5.3.22\spring-core-5.3.22.jar;C:\Users\Latios\.m2\repository\org\springframework\spring-jcl\5.3.22\spring-jcl-5.3.22.jar;C:\Users\Latios\.m2\repository\org\springframework\spring-test\5.3.22\spring-test-5.3.22.jar;C:\Users\Latios\.m2\repository\org\xmlunit\xmlunit-core\2.9.0\xmlunit-core-2.9.0.jar;C:\Users\Latios\.m2\repository\org\springframework\restdocs\spring-restdocs-mockmvc\2.0.6.RELEASE\spring-restdocs-mockmvc-2.0.6.RELEASE.jar;C:\Users\Latios\.m2\repository\org\springframework\restdocs\spring-restdocs-core\2.0.6.RELEASE\spring-restdocs-core-2.0.6.RELEASE.jar;C:\Users\Latios\.m2\repository\javax\servlet\javax.servlet-api\4.0.1\javax.servlet-api-4.0.1.jar;"/>
    <property name="java.vm.vendor" value="Eclipse Adoptium"/>
    <property name="sun.arch.data.model" value="64"/>
    <property name="user.variant" value=""/>
    <property name="java.vendor.url" value="https://adoptium.net/"/>
    <property name="user.timezone" value="America/Anchorage"/>
    <property name="os.name" value="Windows 10"/>
    <property name="java.vm.specification.version" value="17"/>
    <property name="sun.java.launcher" value="SUN_STANDARD"/>
    <property name="user.country" value="US"/>
    <property name="sun.boot.library.path" value="C:\Users\Latios\Downloads\sts-4.15.3.RELEASE\plugins\org.eclipse.justj.openjdk.hotspot.jre.full.win32.x86_64_17.0.4.v20220805-1047\jre\bin"/>
    <property name="sun.java.command" value="C:\Users\Latios\AppData\Local\Temp\surefire2172640532348303510\surefirebooter13064935426097876248.jar C:\Users\Latios\AppData\Local\Temp\surefire2172640532348303510 2022-09-30T09-46-27_302-jvmRun1 surefire11232344356021229073tmp surefire_08166695370784886127tmp"/>
    <property name="jdk.debug" value="release"/>
    <property name="surefire.test.class.path" value="C:\Users\Latios\Revature_Projects\project_2\Project2\project_2\target\test-classes;C:\Users\Latios\Revature_Projects\project_2\Project2\project_2\target\classes;C:\Users\Latios\.m2\repository\org\springframework\boot\spring-boot-starter-data-jpa\2.7.3\spring-boot-starter-data-jpa-2.7.3.jar;C:\Users\Latios\.m2\repository\org\springframework\boot\spring-boot-starter-aop\2.7.3\spring-boot-starter-aop-2.7.3.jar;C:\Users\Latios\.m2\repository\org\springframework\spring-aop\5.3.22\spring-aop-5.3.22.jar;C:\Users\Latios\.m2\repository\org\aspectj\aspectjweaver\1.9.7\aspectjweaver-1.9.7.jar;C:\Users\Latios\.m2\repository\jakarta\transaction\jakarta.transaction-api\1.3.3\jakarta.transaction-api-1.3.3.jar;C:\Users\Latios\.m2\repository\jakarta\persistence\jakarta.persistence-api\2.2.3\jakarta.persistence-api-2.2.3.jar;C:\Users\Latios\.m2\repository\org\hibernate\hibernate-core\5.6.10.Final\hibernate-core-5.6.10.Final.jar;C:\Users\Latios\.m2\repository\org\jboss\logging\jboss-logging\3.4.3.Final\jboss-logging-3.4.3.Final.jar;C:\Users\Latios\.m2\repository\net\bytebuddy\byte-buddy\1.12.13\byte-buddy-1.12.13.jar;C:\Users\Latios\.m2\repository\antlr\antlr\2.7.7\antlr-2.7.7.jar;C:\Users\Latios\.m2\repository\org\jboss\jandex\2.4.2.Final\jandex-2.4.2.Final.jar;C:\Users\Latios\.m2\repository\com\fasterxml\classmate\1.5.1\classmate-1.5.1.jar;C:\Users\Latios\.m2\repository\org\hibernate\common\hibernate-commons-annotations\5.1.2.Final\hibernate-commons-annotations-5.1.2.Final.jar;C:\Users\Latios\.m2\repository\org\glassfish\jaxb\jaxb-runtime\2.3.6\jaxb-runtime-2.3.6.jar;C:\Users\Latios\.m2\repository\org\glassfish\jaxb\txw2\2.3.6\txw2-2.3.6.jar;C:\Users\Latios\.m2\repository\com\sun\istack\istack-commons-runtime\3.0.12\istack-commons-runtime-3.0.12.jar;C:\Users\Latios\.m2\repository\com\sun\activation\jakarta.activation\1.2.2\jakarta.activation-1.2.2.jar;C:\Users\Latios\.m2\repository\org\springframework\data\spring-data-jpa\2.7.2\spring-data-jpa-2.7.2.jar;C:\Users\Latios\.m2\repository\org\springframework\data\spring-data-commons\2.7.2\spring-data-commons-2.7.2.jar;C:\Users\Latios\.m2\repository\org\springframework\spring-orm\5.3.22\spring-orm-5.3.22.jar;C:\Users\Latios\.m2\repository\org\springframework\spring-context\5.3.22\spring-context-5.3.22.jar;C:\Users\Latios\.m2\repository\org\springframework\spring-tx\5.3.22\spring-tx-5.3.22.jar;C:\Users\Latios\.m2\repository\org\springframework\spring-beans\5.3.22\spring-beans-5.3.22.jar;C:\Users\Latios\.m2\repository\org\slf4j\slf4j-api\1.7.36\slf4j-api-1.7.36.jar;C:\Users\Latios\.m2\repository\org\springframework\spring-aspects\5.3.22\spring-aspects-5.3.22.jar;C:\Users\Latios\.m2\repository\org\springframework\boot\spring-boot-starter-data-rest\2.7.3\spring-boot-starter-data-rest-2.7.3.jar;C:\Users\Latios\.m2\repository\org\springframework\data\spring-data-rest-webmvc\3.7.2\spring-data-rest-webmvc-3.7.2.jar;C:\Users\Latios\.m2\repository\org\springframework\data\spring-data-rest-core\3.7.2\spring-data-rest-core-3.7.2.jar;C:\Users\Latios\.m2\repository\org\springframework\hateoas\spring-hateoas\1.5.1\spring-hateoas-1.5.1.jar;C:\Users\Latios\.m2\repository\org\springframework\plugin\spring-plugin-core\2.0.0.RELEASE\spring-plugin-core-2.0.0.RELEASE.jar;C:\Users\Latios\.m2\repository\org\atteo\evo-inflector\1.3\evo-inflector-1.3.jar;C:\Users\Latios\.m2\repository\com\fasterxml\jackson\core\jackson-databind\2.13.3\jackson-databind-2.13.3.jar;C:\Users\Latios\.m2\repository\com\fasterxml\jackson\core\jackson-core\2.13.3\jackson-core-2.13.3.jar;C:\Users\Latios\.m2\repository\com\fasterxml\jackson\core\jackson-annotations\2.13.3\jackson-annotations-2.13.3.jar;C:\Users\Latios\.m2\repository\org\springframework\boot\spring-boot-starter-jdbc\2.7.3\spring-boot-starter-jdbc-2.7.3.jar;C:\Users\Latios\.m2\repository\org\springframework\boot\spring-boot-starter\2.7.3\spring-boot-starter-2.7.3.jar;C:\Users\Latios\.m2\repository\org\springframework\boot\spring-boot\2.7.3\spring-boot-2.7.3.jar;C:\Users\Latios\.m2\repository\org\springframework\boot\spring-boot-autoconfigure\2.7.3\spring-boot-autoconfigure-2.7.3.jar;C:\Users\Latios\.m2\repository\org\springframework\boot\spring-boot-starter-logging\2.7.3\spring-boot-starter-logging-2.7.3.jar;C:\Users\Latios\.m2\repository\ch\qos\logback\logback-classic\1.2.11\logback-classic-1.2.11.jar;C:\Users\Latios\.m2\repository\ch\qos\logback\logback-core\1.2.11\logback-core-1.2.11.jar;C:\Users\Latios\.m2\repository\org\apache\logging\log4j\log4j-to-slf4j\2.17.2\log4j-to-slf4j-2.17.2.jar;C:\Users\Latios\.m2\repository\org\apache\logging\log4j\log4j-api\2.17.2\log4j-api-2.17.2.jar;C:\Users\Latios\.m2\repository\org\slf4j\jul-to-slf4j\1.7.36\jul-to-slf4j-1.7.36.jar;C:\Users\Latios\.m2\repository\org\yaml\snakeyaml\1.30\snakeyaml-1.30.jar;C:\Users\Latios\.m2\repository\com\zaxxer\HikariCP\4.0.3\HikariCP-4.0.3.jar;C:\Users\Latios\.m2\repository\org\springframework\spring-jdbc\5.3.22\spring-jdbc-5.3.22.jar;C:\Users\Latios\.m2\repository\org\springframework\boot\spring-boot-starter-thymeleaf\2.7.3\spring-boot-starter-thymeleaf-2.7.3.jar;C:\Users\Latios\.m2\repository\org\thymeleaf\thymeleaf-spring5\3.0.15.RELEASE\thymeleaf-spring5-3.0.15.RELEASE.jar;C:\Users\Latios\.m2\repository\org\thymeleaf\thymeleaf\3.0.15.RELEASE\thymeleaf-3.0.15.RELEASE.jar;C:\Users\Latios\.m2\repository\org\attoparser\attoparser\2.0.5.RELEASE\attoparser-2.0.5.RELEASE.jar;C:\Users\Latios\.m2\repository\org\unbescape\unbescape\1.1.6.RELEASE\unbescape-1.1.6.RELEASE.jar;C:\Users\Latios\.m2\repository\org\thymeleaf\extras\thymeleaf-extras-java8time\3.0.4.RELEASE\thymeleaf-extras-java8time-3.0.4.RELEASE.jar;C:\Users\Latios\.m2\repository\org\springframework\boot\spring-boot-starter-web\2.7.3\spring-boot-starter-web-2.7.3.jar;C:\Users\Latios\.m2\repository\org\springframework\boot\spring-boot-starter-json\2.7.3\spring-boot-starter-json-2.7.3.jar;C:\Users\Latios\.m2\repository\com\fasterxml\jackson\datatype\jackson-datatype-jdk8\2.13.3\jackson-datatype-jdk8-2.13.3.jar;C:\Users\Latios\.m2\repository\com\fasterxml\jackson\datatype\jackson-datatype-jsr310\2.13.3\jackson-datatype-jsr310-2.13.3.jar;C:\Users\Latios\.m2\repository\com\fasterxml\jackson\module\jackson-module-parameter-names\2.13.3\jackson-module-parameter-names-2.13.3.jar;C:\Users\Latios\.m2\repository\org\springframework\spring-web\5.3.22\spring-web-5.3.22.jar;C:\Users\Latios\.m2\repository\org\springframework\spring-webmvc\5.3.22\spring-webmvc-5.3.22.jar;C:\Users\Latios\.m2\repository\org\springframework\spring-expression\5.3.22\spring-expression-5.3.22.jar;C:\Users\Latios\.m2\repository\org\postgresql\postgresql\42.3.6\postgresql-42.3.6.jar;C:\Users\Latios\.m2\repository\org\checkerframework\checker-qual\3.5.0\checker-qual-3.5.0.jar;C:\Users\Latios\.m2\repository\org\springframework\boot\spring-boot-starter-tomcat\2.7.3\spring-boot-starter-tomcat-2.7.3.jar;C:\Users\Latios\.m2\repository\jakarta\annotation\jakarta.annotation-api\1.3.5\jakarta.annotation-api-1.3.5.jar;C:\Users\Latios\.m2\repository\org\apache\tomcat\embed\tomcat-embed-core\9.0.65\tomcat-embed-core-9.0.65.jar;C:\Users\Latios\.m2\repository\org\apache\tomcat\embed\tomcat-embed-el\9.0.65\tomcat-embed-el-9.0.65.jar;C:\Users\Latios\.m2\repository\org\apache\tomcat\embed\tomcat-embed-websocket\9.0.65\tomcat-embed-websocket-9.0.65.jar;C:\Users\Latios\.m2\repository\org\springframework\boot\spring-boot-starter-test\2.7.3\spring-boot-starter-test-2.7.3.jar;C:\Users\Latios\.m2\repository\org\springframework\boot\spring-boot-test\2.7.3\spring-boot-test-2.7.3.jar;C:\Users\Latios\.m2\repository\org\springframework\boot\spring-boot-test-autoconfigure\2.7.3\spring-boot-test-autoconfigure-2.7.3.jar;C:\Users\Latios\.m2\repository\com\jayway\jsonpath\json-path\2.7.0\json-path-2.7.0.jar;C:\Users\Latios\.m2\repository\net\minidev\json-smart\2.4.8\json-smart-2.4.8.jar;C:\Users\Latios\.m2\repository\net\minidev\accessors-smart\2.4.8\accessors-smart-2.4.8.jar;C:\Users\Latios\.m2\repository\org\ow2\asm\asm\9.1\asm-9.1.jar;C:\Users\Latios\.m2\repository\jakarta\xml\bind\jakarta.xml.bind-api\2.3.3\jakarta.xml.bind-api-2.3.3.jar;C:\Users\Latios\.m2\repository\jakarta\activation\jakarta.activation-api\1.2.2\jakarta.activation-api-1.2.2.jar;C:\Users\Latios\.m2\repository\org\assertj\assertj-core\3.22.0\assertj-core-3.22.0.jar;C:\Users\Latios\.m2\repository\org\hamcrest\hamcrest\2.2\hamcrest-2.2.jar;C:\Users\Latios\.m2\repository\org\junit\jupiter\junit-jupiter\5.8.2\junit-jupiter-5.8.2.jar;C:\Users\Latios\.m2\repository\org\junit\jupiter\junit-jupiter-api\5.8.2\junit-jupiter-api-5.8.2.jar;C:\Users\Latios\.m2\repository\org\opentest4j\opentest4j\1.2.0\opentest4j-1.2.0.jar;C:\Users\Latios\.m2\repository\org\junit\platform\junit-platform-commons\1.8.2\junit-platform-commons-1.8.2.jar;C:\Users\Latios\.m2\repository\org\apiguardian\apiguardian-api\1.1.2\apiguardian-api-1.1.2.jar;C:\Users\Latios\.m2\repository\org\junit\jupiter\junit-jupiter-params\5.8.2\junit-jupiter-params-5.8.2.jar;C:\Users\Latios\.m2\repository\org\junit\jupiter\junit-jupiter-engine\5.8.2\junit-jupiter-engine-5.8.2.jar;C:\Users\Latios\.m2\repository\org\junit\platform\junit-platform-engine\1.8.2\junit-platform-engine-1.8.2.jar;C:\Users\Latios\.m2\repository\org\mockito\mockito-core\4.5.1\mockito-core-4.5.1.jar;C:\Users\Latios\.m2\repository\net\bytebuddy\byte-buddy-agent\1.12.13\byte-buddy-agent-1.12.13.jar;C:\Users\Latios\.m2\repository\org\objenesis\objenesis\3.2\objenesis-3.2.jar;C:\Users\Latios\.m2\repository\org\mockito\mockito-junit-jupiter\4.5.1\mockito-junit-jupiter-4.5.1.jar;C:\Users\Latios\.m2\repository\org\skyscreamer\jsonassert\1.5.1\jsonassert-1.5.1.jar;C:\Users\Latios\.m2\repository\com\vaadin\external\google\android-json\0.0.20131108.vaadin1\android-json-0.0.20131108.vaadin1.jar;C:\Users\Latios\.m2\repository\org\springframework\spring-core\5.3.22\spring-core-5.3.22.jar;C:\Users\Latios\.m2\repository\org\springframework\spring-jcl\5.3.22\spring-jcl-5.3.22.jar;C:\Users\Latios\.m2\repository\org\springframework\spring-test\5.3.22\spring-test-5.3.22.jar;C:\Users\Latios\.m2\repository\org\xmlunit\xmlunit-core\2.9.0\xmlunit-core-2.9.0.jar;C:\Users\Latios\.m2\repository\org\springframework\restdocs\spring-restdocs-mockmvc\2.0.6.RELEASE\spring-restdocs-mockmvc-2.0.6.RELEASE.jar;C:\Users\Latios\.m2\repository\org\springframework\restdocs\spring-restdocs-core\2.0.6.RELEASE\spring-restdocs-core-2.0.6.RELEASE.jar;C:\Users\Latios\.m2\repository\javax\servlet\javax.servlet-api\4.0.1\javax.servlet-api-4.0.1.jar;"/>
    <property name="sun.cpu.endian" value="little"/>
    <property name="user.home" value="C:\Users\Latios"/>
    <property name="user.language" value="en"/>
    <property name="java.specification.vendor" value="Oracle Corporation"/>
    <property name="java.version.date" value="2022-07-19"/>
    <property name="java.home" value="C:\Users\Latios\Downloads\sts-4.15.3.RELEASE\plugins\org.eclipse.justj.openjdk.hotspot.jre.full.win32.x86_64_17.0.4.v20220805-1047\jre"/>
    <property name="file.separator" value="\"/>
    <property name="style.color" value="always"/>
    <property name="basedir" value="C:\Users\Latios\Revature_Projects\project_2\Project2\project_2"/>
    <property name="java.vm.compressedOopsMode" value="Zero based"/>
    <property name="line.separator" value="&#10;"/>
    <property name="java.vm.specification.vendor" value="Oracle Corporation"/>
    <property name="java.specification.name" value="Java Platform API Specification"/>
    <property name="surefire.real.class.path" value="C:\Users\Latios\AppData\Local\Temp\surefire2172640532348303510\surefirebooter13064935426097876248.jar"/>
    <property name="user.script" value=""/>
    <property name="sun.management.compiler" value="HotSpot 64-Bit Tiered Compilers"/>
    <property name="java.runtime.version" value="17.0.4+8"/>
    <property name="user.name" value="Latios"/>
    <property name="path.separator" value=";"/>
    <property name="os.version" value="10.0"/>
    <property name="java.runtime.name" value="OpenJDK Runtime Environment"/>
    <property name="file.encoding" value="Cp1252"/>
    <property name="java.vm.name" value="OpenJDK 64-Bit Server VM"/>
    <property name="java.vendor.version" value="Temurin-17.0.4+8"/>
    <property name="localRepository" value="C:\Users\Latios\.m2\repository"/>
    <property name="java.vendor.url.bug" value="https://github.com/adoptium/adoptium-support/issues"/>
    <property name="java.io.tmpdir" value="C:\Users\Latios\AppData\Local\Temp\"/>
    <property name="java.version" value="17.0.4"/>
    <property name="user.dir" value="C:\Users\Latios\Revature_Projects\project_2\Project2\project_2"/>
    <property name="os.arch" value="amd64"/>
    <property name="java.vm.specification.name" value="Java Virtual Machine Specification"/>
    <property name="sun.os.patch.level" value=""/>
    <property name="native.encoding" value="Cp1252"/>
    <property name="java.library.path" value="C:\Users\Latios\Downloads\sts-4.15.3.RELEASE\plugins\org.eclipse.justj.openjdk.hotspot.jre.full.win32.x86_64_17.0.4.v20220805-1047\jre\bin;C:\WINDOWS\Sun\Java\bin;C:\WINDOWS\system32;C:\WINDOWS;C:/Users/Latios/Downloads/sts-4.15.3.RELEASE//plugins/org.eclipse.justj.openjdk.hotspot.jre.full.win32.x86_64_17.0.4.v20220805-1047/jre/bin/server;C:/Users/Latios/Downloads/sts-4.15.3.RELEASE//plugins/org.eclipse.justj.openjdk.hotspot.jre.full.win32.x86_64_17.0.4.v20220805-1047/jre/bin;C:\Program Files (x86)\Common Files\Oracle\Java\javapath;C:\Python310\Scripts\;C:\Python310\;C:\Python27\;C:\Python27\Scripts;C:\Program Files (x86)\Intel\Intel(R) Management Engine Components\iCLS\;C:\Program Files\Intel\Intel(R) Management Engine Components\iCLS\;C:\Windows\system32;C:\Windows;C:\Windows\System32\Wbem;C:\Windows\System32\WindowsPowerShell\v1.0\;C:\Windows\System32\OpenSSH\;C:\Program Files (x86)\Intel\Intel(R) Management Engine Components\DAL;C:\Program Files\Intel\Intel(R) Management Engine Components\DAL;C:\Program Files (x86)\Intel\Intel(R) Management Engine Components\IPT;C:\Program Files\Intel\Intel(R) Management Engine Components\IPT;C:\Program Files (x86)\NVIDIA Corporation\PhysX\Common;C:\Program Files\Intel\WiFi\bin\;C:\Program Files\Common Files\Intel\WirelessCommon\;C:\WINDOWS\system32;C:\WINDOWS;C:\WINDOWS\System32\Wbem;C:\WINDOWS\System32\WindowsPowerShell\v1.0\;C:\WINDOWS\System32\OpenSSH\;C:\ProgramData\chocolatey\bin;C:\Program Files\Nintendo\Nintendo Dev Interface;C:\Program Files (x86)\GtkSharp\2.12\bin;C:\Program Files\Microsoft SQL Server\130\Tools\Binn\;C:\Program Files\dotnet\;C:\Program Files\Microsoft SQL Server\Client SDK\ODBC\170\Tools\Binn\;C:\Program Files\nodejs\;C:\Program Files\Git\cmd;C:\Program Files\Java\jdk1.8.0_341\bin;C:\Maven\apache-maven-3.8.6\bin;C:\Program Files\Java\jdk1.8.0_341\bin;;C:\Program Files\Docker\Docker\resources\bin;C:\ProgramData\DockerDesktop\version-bin;C:\Users\Latios\AppData\Local\Microsoft\WindowsApps;C:\Users\Latios\.dotnet\tools;C:\Users\Latios\AppData\Roaming\npm;C:\Users\Latios\AppData\Local\Programs\Microsoft VS Code\bin;C:\WINDOWS\system32;;."/>
    <property name="java.vm.info" value="mixed mode"/>
    <property name="java.vendor" value="Eclipse Adoptium"/>
    <property name="java.vm.version" value="17.0.4+8"/>
    <property name="sun.io.unicode.encoding" value="UnicodeLittle"/>
    <property name="java.class.version" value="61.0"/>
  </properties>
  <testcase name="createCharacterTest" classname="com.revature.controller.CharacterControllerTest" time="0.119">
    <failure message="Response status expected:&lt;201&gt; but was:&lt;400&gt;" type="java.lang.AssertionError"><![CDATA[java.lang.AssertionError: Response status expected:<201> but was:<400>
	at com.revature.controller.CharacterControllerTest.createCharacterTest(CharacterControllerTest.java:33)
]]></failure>
    <system-out><![CDATA[2022-09-30 09:46:42.411  INFO 13592 --- [           main] .b.t.c.SpringBootTestContextBootstrapper : Neither @ContextConfiguration nor @ContextHierarchy found for test class [com.revature.controller.CharacterControllerTest], using SpringBootContextLoader
2022-09-30 09:46:42.412  INFO 13592 --- [           main] o.s.t.c.support.AbstractContextLoader    : Could not detect default resource locations for test class [com.revature.controller.CharacterControllerTest]: no resource found for suffixes {-context.xml, Context.groovy}.
2022-09-30 09:46:42.412  INFO 13592 --- [           main] t.c.s.AnnotationConfigContextLoaderUtils : Could not detect default configuration classes for test class [com.revature.controller.CharacterControllerTest]: CharacterControllerTest does not declare any static, non-private, non-final, nested classes annotated with @Configuration.
2022-09-30 09:46:42.417  INFO 13592 --- [           main] .b.t.c.SpringBootTestContextBootstrapper : Found @SpringBootConfiguration com.revature.Project2Application for test class com.revature.controller.CharacterControllerTest
2022-09-30 09:46:42.419  INFO 13592 --- [           main] .b.t.c.SpringBootTestContextBootstrapper : Loaded default TestExecutionListener class names from location [META-INF/spring.factories]: [org.springframework.boot.test.mock.mockito.MockitoTestExecutionListener, org.springframework.boot.test.mock.mockito.ResetMocksTestExecutionListener, org.springframework.boot.test.autoconfigure.restdocs.RestDocsTestExecutionListener, org.springframework.boot.test.autoconfigure.web.client.MockRestServiceServerResetTestExecutionListener, org.springframework.boot.test.autoconfigure.web.servlet.MockMvcPrintOnlyOnFailureTestExecutionListener, org.springframework.boot.test.autoconfigure.web.servlet.WebDriverTestExecutionListener, org.springframework.boot.test.autoconfigure.webservices.client.MockWebServiceServerTestExecutionListener, org.springframework.test.context.web.ServletTestExecutionListener, org.springframework.test.context.support.DirtiesContextBeforeModesTestExecutionListener, org.springframework.test.context.event.ApplicationEventsTestExecutionListener, org.springframework.test.context.support.DependencyInjectionTestExecutionListener, org.springframework.test.context.support.DirtiesContextTestExecutionListener, org.springframework.test.context.transaction.TransactionalTestExecutionListener, org.springframework.test.context.jdbc.SqlScriptsTestExecutionListener, org.springframework.test.context.event.EventPublishingTestExecutionListener]
2022-09-30 09:46:42.419  INFO 13592 --- [           main] .b.t.c.SpringBootTestContextBootstrapper : Using TestExecutionListeners: [org.springframework.test.context.web.ServletTestExecutionListener@58b03882, org.springframework.test.context.support.DirtiesContextBeforeModesTestExecutionListener@24710e61, org.springframework.test.context.event.ApplicationEventsTestExecutionListener@1a983294, org.springframework.boot.test.mock.mockito.MockitoTestExecutionListener@209ab1d7, org.springframework.boot.test.autoconfigure.SpringBootDependencyInjectionTestExecutionListener@7937f96e, org.springframework.test.context.support.DirtiesContextTestExecutionListener@5599f22f, org.springframework.test.context.transaction.TransactionalTestExecutionListener@ece769a, org.springframework.test.context.jdbc.SqlScriptsTestExecutionListener@7baf7a9d, org.springframework.test.context.event.EventPublishingTestExecutionListener@3d95100f, org.springframework.boot.test.mock.mockito.ResetMocksTestExecutionListener@27879518, org.springframework.boot.test.autoconfigure.restdocs.RestDocsTestExecutionListener@5a004dd4, org.springframework.boot.test.autoconfigure.web.client.MockRestServiceServerResetTestExecutionListener@5afbbf9b, org.springframework.boot.test.autoconfigure.web.servlet.MockMvcPrintOnlyOnFailureTestExecutionListener@4f7bc9a3, org.springframework.boot.test.autoconfigure.web.servlet.WebDriverTestExecutionListener@544faa01, org.springframework.boot.test.autoconfigure.webservices.client.MockWebServiceServerTestExecutionListener@cf933b1]
2022-09-30 09:46:42.424  INFO 13592 --- [           main] fileLogger                               : execution(ResponseEntity com.revature.controller.CharacterController.create(String,long)) is being called
2022-09-30 09:46:42.527  INFO 13592 --- [           main] fileLogger                               : execution(Object com.revature.controller.CharacterController.onGameUserAlreadyExistsException()) is being called

MockHttpServletRequest:
      HTTP Method = POST
      Request URI = /character/create
       Parameters = {name=[Fylo], user_id=[2]}
          Headers = []
             Body = null
    Session Attrs = {}

Handler:
             Type = com.revature.controller.CharacterController
           Method = com.revature.controller.CharacterController#create(String, long)

Async:
    Async started = false
     Async result = null

Resolved Exception:
             Type = com.revature.exceptions.GameUserAlreadyExistsException

ModelAndView:
        View name = null
             View = null
            Model = null

FlashMap:
       Attributes = null

MockHttpServletResponse:
           Status = 400
    Error message = null
          Headers = [Vary:"Origin", "Access-Control-Request-Method", "Access-Control-Request-Headers", Content-Type:"application/json"]
     Content type = application/json
             Body = {"error_message":"The character name is already in use.","date":"2022-09-30","error_code":400,"time":"09:46:42.5289597","error_cause":"You need to use a different name for your character."}
    Forwarded URL = null
   Redirected URL = null
          Cookies = []
]]></system-out>
  </testcase>
  <testcase name="createCharacterDuplicateErrorTest" classname="com.revature.controller.CharacterControllerTest" time="0.083"/>
  <testcase name="updateCharacterTest" classname="com.revature.controller.CharacterControllerTest" time="0.164">
    <failure message="Response status expected:&lt;200&gt; but was:&lt;404&gt;" type="java.lang.AssertionError"><![CDATA[java.lang.AssertionError: Response status expected:<200> but was:<404>
	at com.revature.controller.CharacterControllerTest.updateCharacterTest(CharacterControllerTest.java:53)
]]></failure>
    <system-out><![CDATA[2022-09-30 09:46:42.644  INFO 13592 --- [           main] fileLogger                               : execution(ResponseEntity com.revature.controller.CharacterController.updateUser(long,long,long,long,String,int,int)) is being called
2022-09-30 09:46:42.786  INFO 13592 --- [           main] fileLogger                               : execution(Object com.revature.controller.CharacterController.onCharacterNotFoundException()) is being called

MockHttpServletRequest:
      HTTP Method = PUT
      Request URI = /character/0/update
       Parameters = {user_id=[2], weapon_id=[5], armor_id=[5], name=[Dustin], gold=[55], health=[77]}
          Headers = []
             Body = null
    Session Attrs = {}

Handler:
             Type = com.revature.controller.CharacterController
           Method = com.revature.controller.CharacterController#updateUser(long, long, long, long, String, int, int)

Async:
    Async started = false
     Async result = null

Resolved Exception:
             Type = com.revature.exceptions.CharacterNotFoundException

ModelAndView:
        View name = null
             View = null
            Model = null

FlashMap:
       Attributes = null

MockHttpServletResponse:
           Status = 404
    Error message = null
          Headers = [Vary:"Origin", "Access-Control-Request-Method", "Access-Control-Request-Headers", Content-Type:"application/json"]
     Content type = application/json
             Body = {"error_message":"The character does not exist.","date":"2022-09-30","error_code":404,"time":"09:46:42.7879702","error_cause":"You entered an invalid character."}
    Forwarded URL = null
   Redirected URL = null
          Cookies = []
]]></system-out>
  </testcase>
  <testcase name="updateCharacterDuplicateNameTest" classname="com.revature.controller.CharacterControllerTest" time="0.02"/>
  <testcase name="deleteCharacterTest" classname="com.revature.controller.CharacterControllerTest" time="0.142">
    <failure message="Response status expected:&lt;204&gt; but was:&lt;404&gt;" type="java.lang.AssertionError"><![CDATA[java.lang.AssertionError: Response status expected:<204> but was:<404>
	at com.revature.controller.CharacterControllerTest.deleteCharacterTest(CharacterControllerTest.java:75)
]]></failure>
    <system-out><![CDATA[2022-09-30 09:46:42.836  INFO 13592 --- [           main] fileLogger                               : execution(ResponseEntity com.revature.controller.CharacterController.deleteChar(long)) is being called
2022-09-30 09:46:42.967  INFO 13592 --- [           main] fileLogger                               : execution(Object com.revature.controller.CharacterController.onCharacterNotFoundException()) is being called

MockHttpServletRequest:
      HTTP Method = DELETE
      Request URI = /character/0/delete
       Parameters = {}
          Headers = []
             Body = null
    Session Attrs = {}

Handler:
             Type = com.revature.controller.CharacterController
           Method = com.revature.controller.CharacterController#deleteChar(long)

Async:
    Async started = false
     Async result = null

Resolved Exception:
             Type = com.revature.exceptions.CharacterNotFoundException

ModelAndView:
        View name = null
             View = null
            Model = null

FlashMap:
       Attributes = null

MockHttpServletResponse:
           Status = 404
    Error message = null
          Headers = [Vary:"Origin", "Access-Control-Request-Method", "Access-Control-Request-Headers", Content-Type:"application/json"]
     Content type = application/json
             Body = {"error_message":"The character does not exist.","date":"2022-09-30","error_code":404,"time":"09:46:42.9679649","error_cause":"You entered an invalid character."}
    Forwarded URL = null
   Redirected URL = null
          Cookies = []
]]></system-out>
  </testcase>
  <testcase name="deleteCharacterNotFoundTest" classname="com.revature.controller.CharacterControllerTest" time="0.136"/>
  <testcase name="getArmorsNullTest" classname="com.revature.controller.CharacterControllerTest" time="0.201"/>
  <testcase name="getMessagesEmptyTest" classname="com.revature.controller.CharacterControllerTest" time="0.207"/>
  <testcase name="updateCharacterNotFoundTest" classname="com.revature.controller.CharacterControllerTest" time="0.009">
    <failure message="Response status expected:&lt;404&gt; but was:&lt;400&gt;" type="java.lang.AssertionError"><![CDATA[java.lang.AssertionError: Response status expected:<404> but was:<400>
	at com.revature.controller.CharacterControllerTest.updateCharacterNotFoundTest(CharacterControllerTest.java:68)
]]></failure>
    <system-out><![CDATA[2022-09-30 09:46:43.522  WARN 13592 --- [           main] .w.s.m.s.DefaultHandlerExceptionResolver : Resolved [org.springframework.web.bind.MissingServletRequestParameterException: Required request parameter 'weapon_id' for method parameter type long is not present]

MockHttpServletRequest:
      HTTP Method = PUT
      Request URI = /character/99999999/update
       Parameters = {user_id=[2], name=[philips]}
          Headers = []
             Body = null
    Session Attrs = {}

Handler:
             Type = com.revature.controller.CharacterController
           Method = com.revature.controller.CharacterController#updateUser(long, long, long, long, String, int, int)

Async:
    Async started = false
     Async result = null

Resolved Exception:
             Type = org.springframework.web.bind.MissingServletRequestParameterException

ModelAndView:
        View name = null
             View = null
            Model = null

FlashMap:
       Attributes = null

MockHttpServletResponse:
           Status = 400
    Error message = Required request parameter 'weapon_id' for method parameter type long is not present
          Headers = [Vary:"Origin", "Access-Control-Request-Method", "Access-Control-Request-Headers"]
     Content type = null
             Body = 
    Forwarded URL = null
   Redirected URL = null
          Cookies = []
]]></system-out>
  </testcase>
  <testcase name="getWeaponsTest" classname="com.revature.controller.CharacterControllerTest" time="0.46"/>
  <testcase name="getSingleMessageMsgNotFoundTest" classname="com.revature.controller.CharacterControllerTest" time="0.132"/>
  <testcase name="getMessagesNotFoundTest" classname="com.revature.controller.CharacterControllerTest" time="0.161"/>
  <testcase name="getWeaponsNotFoundTest" classname="com.revature.controller.CharacterControllerTest" time="0.132"/>
  <testcase name="getMessagesTest" classname="com.revature.controller.CharacterControllerTest" time="0.207">
    <failure message="Response content&#10;Expected: &quot;[{\&quot;message_id\&quot;:1,\&quot;fromUserId\&quot;:2,\&quot;toUserId\&quot;:1,\&quot;topic\&quot;:\&quot;Test Topic\&quot;,\&quot;message\&quot;:\&quot;Test Message\&quot;,\&quot;timestamp\&quot;:\&quot;2022-09-26T13:16:00.200019\&quot;},{\&quot;message_id\&quot;:2,\&quot;fromUserId\&quot;:2,\&quot;toUserId\&quot;:1,\&quot;topic\&quot;:\&quot;Topic Two\&quot;,\&quot;message\&quot;:\&quot;Message Two\&quot;,\&quot;timestamp\&quot;:\&quot;2022-09-26T13:16:00.200019\&quot;},{\&quot;message_id\&quot;:3,\&quot;fromUserId\&quot;:2,\&quot;toUserId\&quot;:1,\&quot;topic\&quot;:\&quot;REst Topic\&quot;,\&quot;message\&quot;:\&quot;Rest Message\&quot;,\&quot;timestamp\&quot;:\&quot;2022-09-26T13:16:00.200019\&quot;},{\&quot;message_id\&quot;:6,\&quot;fromUserId\&quot;:2,\&quot;toUserId\&quot;:1,\&quot;topic\&quot;:\&quot;REst Topic\&quot;,\&quot;message\&quot;:\&quot;Rest Message\&quot;,\&quot;timestamp\&quot;:\&quot;2022-09-26T12:18:46.760303\&quot;}]&quot;&#10;     but: was &quot;[{\&quot;message_id\&quot;:1,\&quot;fromUserId\&quot;:2,\&quot;toUserId\&quot;:1,\&quot;topic\&quot;:\&quot;Test Topic\&quot;,\&quot;message\&quot;:\&quot;Test Message\&quot;,\&quot;timestamp\&quot;:\&quot;2022-09-26T13:16:00.200019\&quot;},{\&quot;message_id\&quot;:2,\&quot;fromUserId\&quot;:2,\&quot;toUserId\&quot;:1,\&quot;topic\&quot;:\&quot;Topic Two\&quot;,\&quot;message\&quot;:\&quot;Message Two\&quot;,\&quot;timestamp\&quot;:\&quot;2022-09-26T13:16:00.200019\&quot;},{\&quot;message_id\&quot;:3,\&quot;fromUserId\&quot;:2,\&quot;toUserId\&quot;:1,\&quot;topic\&quot;:\&quot;REst Topic\&quot;,\&quot;message\&quot;:\&quot;Rest Message\&quot;,\&quot;timestamp\&quot;:\&quot;2022-09-26T13:16:00.200019\&quot;},{\&quot;message_id\&quot;:6,\&quot;fromUserId\&quot;:2,\&quot;toUserId\&quot;:1,\&quot;topic\&quot;:\&quot;REst Topic\&quot;,\&quot;message\&quot;:\&quot;Rest Message\&quot;,\&quot;timestamp\&quot;:\&quot;2022-09-26T12:18:46.760303\&quot;},{\&quot;message_id\&quot;:7,\&quot;fromUserId\&quot;:2,\&quot;toUserId\&quot;:1,\&quot;topic\&quot;:\&quot;Topic Two\&quot;,\&quot;message\&quot;:\&quot;Message Two\&quot;,\&quot;timestamp\&quot;:\&quot;2022-09-30T06:27:04.16158\&quot;}]&quot;" type="java.lang.AssertionError">java.lang.AssertionError: 
Response content
Expected: "[{\"message_id\":1,\"fromUserId\":2,\"toUserId\":1,\"topic\":\"Test Topic\",\"message\":\"Test Message\",\"timestamp\":\"2022-09-26T13:16:00.200019\"},{\"message_id\":2,\"fromUserId\":2,\"toUserId\":1,\"topic\":\"Topic Two\",\"message\":\"Message Two\",\"timestamp\":\"2022-09-26T13:16:00.200019\"},{\"message_id\":3,\"fromUserId\":2,\"toUserId\":1,\"topic\":\"REst Topic\",\"message\":\"Rest Message\",\"timestamp\":\"2022-09-26T13:16:00.200019\"},{\"message_id\":6,\"fromUserId\":2,\"toUserId\":1,\"topic\":\"REst Topic\",\"message\":\"Rest Message\",\"timestamp\":\"2022-09-26T12:18:46.760303\"}]"
     but: was "[{\"message_id\":1,\"fromUserId\":2,\"toUserId\":1,\"topic\":\"Test Topic\",\"message\":\"Test Message\",\"timestamp\":\"2022-09-26T13:16:00.200019\"},{\"message_id\":2,\"fromUserId\":2,\"toUserId\":1,\"topic\":\"Topic Two\",\"message\":\"Message Two\",\"timestamp\":\"2022-09-26T13:16:00.200019\"},{\"message_id\":3,\"fromUserId\":2,\"toUserId\":1,\"topic\":\"REst Topic\",\"message\":\"Rest Message\",\"timestamp\":\"2022-09-26T13:16:00.200019\"},{\"message_id\":6,\"fromUserId\":2,\"toUserId\":1,\"topic\":\"REst Topic\",\"message\":\"Rest Message\",\"timestamp\":\"2022-09-26T12:18:46.760303\"},{\"message_id\":7,\"fromUserId\":2,\"toUserId\":1,\"topic\":\"Topic Two\",\"message\":\"Message Two\",\"timestamp\":\"2022-09-30T06:27:04.16158\"}]"
	at com.revature.controller.CharacterControllerTest.getMessagesTest(CharacterControllerTest.java:140)
</failure>
    <system-out><![CDATA[2022-09-30 09:46:44.418  INFO 13592 --- [           main] fileLogger                               : execution(ResponseEntity com.revature.controller.CharacterController.getMessages(long)) is being called

MockHttpServletRequest:
      HTTP Method = GET
      Request URI = /character/1/messages
       Parameters = {}
          Headers = []
             Body = null
    Session Attrs = {}

Handler:
             Type = com.revature.controller.CharacterController
           Method = com.revature.controller.CharacterController#getMessages(long)

Async:
    Async started = false
     Async result = null

Resolved Exception:
             Type = null

ModelAndView:
        View name = null
             View = null
            Model = null

FlashMap:
       Attributes = null

MockHttpServletResponse:
           Status = 200
    Error message = null
          Headers = [Vary:"Origin", "Access-Control-Request-Method", "Access-Control-Request-Headers", Content-Type:"application/json"]
     Content type = application/json
             Body = [{"message_id":1,"fromUserId":2,"toUserId":1,"topic":"Test Topic","message":"Test Message","timestamp":"2022-09-26T13:16:00.200019"},{"message_id":2,"fromUserId":2,"toUserId":1,"topic":"Topic Two","message":"Message Two","timestamp":"2022-09-26T13:16:00.200019"},{"message_id":3,"fromUserId":2,"toUserId":1,"topic":"REst Topic","message":"Rest Message","timestamp":"2022-09-26T13:16:00.200019"},{"message_id":6,"fromUserId":2,"toUserId":1,"topic":"REst Topic","message":"Rest Message","timestamp":"2022-09-26T12:18:46.760303"},{"message_id":7,"fromUserId":2,"toUserId":1,"topic":"Topic Two","message":"Message Two","timestamp":"2022-09-30T06:27:04.16158"}]
    Forwarded URL = null
   Redirected URL = null
          Cookies = []
]]></system-out>
  </testcase>
  <testcase name="searchMessageCharNorFoundTest" classname="com.revature.controller.CharacterControllerTest" time="0.135"/>
  <testcase name="getSingleMessageNoPermissionTest" classname="com.revature.controller.CharacterControllerTest" time="0.138"/>
  <testcase name="getWeaponsNullTest" classname="com.revature.controller.CharacterControllerTest" time="0.196"/>
  <testcase name="getArmorsNotFoundTest" classname="com.revature.controller.CharacterControllerTest" time="0.13"/>
  <testcase name="getCharacterTest" classname="com.revature.controller.CharacterControllerTest" time="0.134">
    <failure message="Response content&#10;Expected: &quot;{\&quot;gold\&quot;:10,\&quot;armor_id\&quot;:2,\&quot;user_id\&quot;:1,\&quot;armor_url\&quot;:\&quot;/armor/2\&quot;,\&quot;name\&quot;:\&quot;markj\&quot;,\&quot;weapon_url\&quot;:\&quot;/weapon/3\&quot;,\&quot;character_id\&quot;:1,\&quot;weapon_id\&quot;:3}&quot;&#10;     but: was &quot;{\&quot;gold\&quot;:253,\&quot;armor_id\&quot;:2,\&quot;user_id\&quot;:1,\&quot;armor_url\&quot;:\&quot;/armor/2\&quot;,\&quot;name\&quot;:\&quot;markj\&quot;,\&quot;weapon_url\&quot;:\&quot;/weapon/3\&quot;,\&quot;health\&quot;:36,\&quot;character_id\&quot;:1,\&quot;weapon_id\&quot;:3}&quot;" type="java.lang.AssertionError">java.lang.AssertionError: 
Response content
Expected: "{\"gold\":10,\"armor_id\":2,\"user_id\":1,\"armor_url\":\"/armor/2\",\"name\":\"markj\",\"weapon_url\":\"/weapon/3\",\"character_id\":1,\"weapon_id\":3}"
     but: was "{\"gold\":253,\"armor_id\":2,\"user_id\":1,\"armor_url\":\"/armor/2\",\"name\":\"markj\",\"weapon_url\":\"/weapon/3\",\"health\":36,\"character_id\":1,\"weapon_id\":3}"
	at com.revature.controller.CharacterControllerTest.getCharacterTest(CharacterControllerTest.java:89)
</failure>
    <system-out><![CDATA[2022-09-30 09:46:45.228  INFO 13592 --- [           main] fileLogger                               : execution(ResponseEntity com.revature.controller.CharacterController.getCharacter(long)) is being called

MockHttpServletRequest:
      HTTP Method = GET
      Request URI = /character/1
       Parameters = {}
          Headers = [Accept:"application/json"]
             Body = null
    Session Attrs = {}

Handler:
             Type = com.revature.controller.CharacterController
           Method = com.revature.controller.CharacterController#getCharacter(long)

Async:
    Async started = false
     Async result = null

Resolved Exception:
             Type = null

ModelAndView:
        View name = null
             View = null
            Model = null

FlashMap:
       Attributes = null

MockHttpServletResponse:
           Status = 200
    Error message = null
          Headers = [Vary:"Origin", "Access-Control-Request-Method", "Access-Control-Request-Headers", Content-Type:"application/json"]
     Content type = application/json
             Body = {"gold":253,"armor_id":2,"user_id":1,"armor_url":"/armor/2","name":"markj","weapon_url":"/weapon/3","health":36,"character_id":1,"weapon_id":3}
    Forwarded URL = null
   Redirected URL = null
          Cookies = []
]]></system-out>
  </testcase>
  <testcase name="searchMessageMsgNotFoundTest" classname="com.revature.controller.CharacterControllerTest" time="0.221"/>
  <testcase name="searchMessageTest" classname="com.revature.controller.CharacterControllerTest" time="0.199"/>
  <testcase name="getSingleMessageTest" classname="com.revature.controller.CharacterControllerTest" time="0.13"/>
  <testcase name="getCharacterNotFoundTest" classname="com.revature.controller.CharacterControllerTest" time="0.143"/>
  <testcase name="getArmorsTest" classname="com.revature.controller.CharacterControllerTest" time="0.449"/>
</testsuite>